Making check in lib
make[1]: Map '/cygdrive/j/Archivers/gzip/1.3.12/gzip-1.3.12/lib' wordt binnengegaan
make  check-am
make[2]: Map '/cygdrive/j/Archivers/gzip/1.3.12/gzip-1.3.12/lib' wordt binnengegaan
make[2]: Er is niets te doen voor 'check-am'.
make[2]: Map '/cygdrive/j/Archivers/gzip/1.3.12/gzip-1.3.12/lib' wordt verlaten
make[1]: Map '/cygdrive/j/Archivers/gzip/1.3.12/gzip-1.3.12/lib' wordt verlaten
Making check in doc
make[1]: Map '/cygdrive/j/Archivers/gzip/1.3.12/gzip-1.3.12/doc' wordt binnengegaan
make[1]: Er is niets te doen voor 'check'.
make[1]: Map '/cygdrive/j/Archivers/gzip/1.3.12/gzip-1.3.12/doc' wordt verlaten
make[1]: Map '/cygdrive/j/Archivers/gzip/1.3.12/gzip-1.3.12' wordt binnengegaan
make  check-local
make[2]: Map '/cygdrive/j/Archivers/gzip/1.3.12/gzip-1.3.12' wordt binnengegaan
gzip <gzip.doc >gzip.doc.gz
{ test '../gzip-1.3.12-src' != . || GZIP_BINDIR=. ./zdiff -c gzip.doc.gz; }
GZIP_BINDIR=. ./zdiff -c ../gzip-1.3.12-src/gzip.doc ../gzip-1.3.12-src/gzip.doc
GZIP_BINDIR=. ./zdiff ../gzip-1.3.12-src/gzip.doc gzip.doc.gz
GZIP_BINDIR=. ./zdiff -c - ../gzip-1.3.12-src/gzip.doc <gzip.doc.gz
GZIP_BINDIR=. ./zdiff -c gzip.doc.gz gzip.doc.gz
GZIP_BINDIR=. ./zgrep -iV >/dev/null
for file in gunzip gzexe zcat zcmp zdiff zegrep zfgrep zforce zgrep zless zmore znew lib/libgzip.a ../gzip-1.3.12-src/ChangeLog ../gzip-1.3.12-src/configure ../gzip-1.3.12-src/gzip.c; do \
	  ./gzip -cv -- "$file" | ./gzip -d | cmp - "$file" || exit; \
	done
gunzip:	  3.9%
gzexe:	 60.4%
zcat:	  3.8%
zcmp:	  2.4%
zdiff:	 57.5%
zegrep:	  2.6%
zfgrep:	  2.6%
zforce:	 48.4%
zgrep:	 57.1%
zless:	 44.5%
zmore:	 52.2%
znew:	 62.3%
lib/libgzip.a:	 63.4%
../gzip-1.3.12-src/ChangeLog:	 65.3%
../gzip-1.3.12-src/configure:	 82.0%
../gzip-1.3.12-src/gzip.c:	 69.1%
Test succeeded.
make[2]: Map '/cygdrive/j/Archivers/gzip/1.3.12/gzip-1.3.12' wordt verlaten
make[1]: Map '/cygdrive/j/Archivers/gzip/1.3.12/gzip-1.3.12' wordt verlaten
